TN:
SF:src\app\app.component.ts
FN:14,(anonymous_0)
FNF:1
FNH:1
FNDA:3,(anonymous_0)
DA:14,1
DA:15,3
LF:2
LH:2
BRF:0
BRH:0
end_of_record
TN:
SF:src\app\Components\categoria\categoria.component.ts
FNF:0
FNH:0
DA:10,1
LF:1
LH:1
BRF:0
BRH:0
end_of_record
TN:
SF:src\app\Components\home\home.component.ts
FN:13,(anonymous_0)
FN:21,(anonymous_1)
FNF:2
FNH:0
FNDA:0,(anonymous_0)
FNDA:0,(anonymous_1)
DA:12,1
DA:15,0
DA:16,0
DA:19,0
DA:22,0
LF:5
LH:1
BRF:0
BRH:0
end_of_record
TN:
SF:src\app\Components\login\login.component.ts
FN:37,(anonymous_0)
FN:46,(anonymous_1)
FN:53,(anonymous_2)
FN:64,(anonymous_3)
FN:70,(anonymous_4)
FN:75,(anonymous_5)
FN:85,(anonymous_6)
FN:90,(anonymous_7)
FNF:8
FNH:2
FNDA:1,(anonymous_0)
FNDA:1,(anonymous_1)
FNDA:0,(anonymous_2)
FNDA:0,(anonymous_3)
FNDA:0,(anonymous_4)
FNDA:0,(anonymous_5)
FNDA:0,(anonymous_6)
FNDA:0,(anonymous_7)
DA:32,1
DA:35,1
DA:38,1
DA:39,1
DA:40,1
DA:43,1
DA:44,1
DA:47,1
DA:54,0
DA:56,0
DA:61,0
DA:63,0
DA:65,0
DA:66,0
DA:67,0
DA:68,0
DA:69,0
DA:70,0
DA:71,0
DA:76,0
DA:77,0
DA:78,0
DA:87,0
DA:91,0
DA:93,0
DA:98,0
DA:100,0
LF:27
LH:8
BRDA:54,0,0,0
BRDA:91,1,0,0
BRDA:91,1,1,0
BRF:3
BRH:0
end_of_record
TN:
SF:src\app\Components\menu\menu.component.ts
FN:19,(anonymous_0)
FN:29,(anonymous_1)
FN:36,(anonymous_2)
FN:41,(anonymous_3)
FN:64,(anonymous_4)
FN:67,(anonymous_5)
FNF:6
FNH:0
FNDA:0,(anonymous_0)
FNDA:0,(anonymous_1)
FNDA:0,(anonymous_2)
FNDA:0,(anonymous_3)
FNDA:0,(anonymous_4)
FNDA:0,(anonymous_5)
DA:17,1
DA:18,0
DA:20,0
DA:21,0
DA:22,0
DA:25,0
DA:26,0
DA:27,0
DA:33,0
DA:37,0
DA:38,0
DA:42,0
DA:44,0
DA:45,0
DA:46,0
DA:48,0
DA:50,0
DA:51,0
DA:53,0
DA:56,0
DA:57,0
DA:60,0
DA:65,0
DA:66,0
DA:67,0
DA:68,0
DA:69,0
LF:27
LH:1
BRDA:44,0,0,0
BRDA:44,0,1,0
BRDA:45,1,0,0
BRDA:45,1,1,0
BRDA:50,2,0,0
BRDA:50,2,1,0
BRF:6
BRH:0
end_of_record
TN:
SF:src\app\Components\principal\principal.component.ts
FNF:0
FNH:0
DA:10,1
LF:1
LH:1
BRF:0
BRH:0
end_of_record
TN:
SF:src\app\Components\recupera-pass\recupera-pass.component.ts
FN:17,(anonymous_0)
FN:21,(anonymous_1)
FN:27,(anonymous_2)
FNF:3
FNH:2
FNDA:1,(anonymous_0)
FNDA:1,(anonymous_1)
FNDA:0,(anonymous_2)
DA:14,1
DA:18,1
DA:22,1
DA:28,0
DA:30,0
LF:5
LH:3
BRDA:28,0,0,0
BRF:1
BRH:0
end_of_record
TN:
SF:src\app\Components\registro\registro.component.ts
FN:35,(anonymous_0)
FN:97,(anonymous_1)
FN:60,(anonymous_2)
FN:63,(anonymous_3)
FN:113,(anonymous_4)
FN:124,(anonymous_5)
FN:151,(anonymous_6)
FN:164,(anonymous_7)
FN:168,(anonymous_8)
FN:182,(anonymous_9)
FN:204,(anonymous_10)
FN:210,(anonymous_11)
FNF:12
FNH:4
FNDA:1,(anonymous_0)
FNDA:1,(anonymous_1)
FNDA:0,(anonymous_2)
FNDA:1,(anonymous_3)
FNDA:0,(anonymous_4)
FNDA:1,(anonymous_5)
FNDA:0,(anonymous_6)
FNDA:0,(anonymous_7)
FNDA:0,(anonymous_8)
FNDA:0,(anonymous_9)
FNDA:0,(anonymous_10)
FNDA:0,(anonymous_11)
DA:22,1
DA:24,1
DA:25,1
DA:26,1
DA:27,1
DA:28,1
DA:31,1
DA:36,1
DA:37,1
DA:38,1
DA:42,1
DA:58,1
DA:64,1
DA:65,1
DA:66,1
DA:69,0
DA:70,0
DA:71,0
DA:74,0
DA:75,0
DA:76,0
DA:79,0
DA:80,0
DA:81,0
DA:84,0
DA:85,0
DA:86,0
DA:89,0
DA:90,0
DA:91,0
DA:94,0
DA:97,1
DA:98,1
DA:101,1
DA:102,1
DA:106,0
DA:107,0
DA:110,0
DA:114,0
DA:115,0
DA:116,0
DA:117,0
DA:119,0
DA:125,1
DA:126,1
DA:127,1
DA:129,0
DA:130,0
DA:131,0
DA:133,0
DA:134,0
DA:135,0
DA:139,0
DA:140,0
DA:141,0
DA:142,0
DA:144,0
DA:145,0
DA:148,0
DA:152,0
DA:153,0
DA:161,0
DA:163,0
DA:165,0
DA:166,0
DA:169,0
DA:170,0
DA:183,0
DA:184,0
DA:185,0
DA:186,0
DA:188,0
DA:190,0
DA:191,0
DA:192,0
DA:194,0
DA:196,0
DA:197,0
DA:200,0
DA:205,0
DA:206,0
DA:207,0
DA:211,0
DA:213,0
DA:218,0
DA:220,0
LF:86
LH:22
BRDA:101,0,0,1
BRDA:101,1,0,1
BRDA:101,1,1,1
BRDA:106,2,0,0
BRDA:65,3,0,1
BRDA:70,4,0,0
BRDA:75,5,0,0
BRDA:80,6,0,0
BRDA:85,7,0,0
BRDA:90,8,0,0
BRDA:116,9,0,0
BRDA:116,9,1,0
BRDA:126,10,0,1
BRDA:130,11,0,0
BRDA:134,12,0,0
BRDA:144,13,0,0
BRDA:144,14,0,0
BRDA:144,14,1,0
BRDA:152,15,0,0
BRDA:196,16,0,0
BRDA:196,17,0,0
BRDA:196,17,1,0
BRDA:196,17,2,0
BRDA:211,18,0,0
BRDA:211,18,1,0
BRF:25
BRH:5
end_of_record
TN:
SF:src\app\Components\rol\rol.component.ts
FNF:0
FNH:0
DA:10,1
LF:1
LH:1
BRF:0
BRH:0
end_of_record
TN:
SF:src\app\Components\temas\temas.component.ts
FNF:0
FNH:0
DA:10,1
LF:1
LH:1
BRF:0
BRH:0
end_of_record
TN:
SF:src\app\Components\usuario\usuario.component.ts
FN:25,(anonymous_0)
FN:40,(anonymous_1)
FN:45,(anonymous_2)
FN:48,(anonymous_3)
FN:50,(anonymous_4)
FN:52,(anonymous_5)
FN:59,(anonymous_6)
FNF:7
FNH:5
FNDA:1,(anonymous_0)
FNDA:1,(anonymous_1)
FNDA:1,(anonymous_2)
FNDA:0,(anonymous_3)
FNDA:0,(anonymous_4)
FNDA:1,(anonymous_5)
FNDA:1,(anonymous_6)
DA:22,1
DA:26,1
DA:27,1
DA:28,1
DA:32,1
DA:38,1
DA:41,1
DA:47,1
DA:49,0
DA:50,0
DA:53,1
DA:54,1
DA:60,1
DA:62,1
DA:67,1
DA:69,0
LF:16
LH:13
BRDA:60,0,0,1
BRDA:60,0,1,0
BRF:2
BRH:1
end_of_record
TN:
SF:src\app\Service\api-service.service.ts
FN:13,(anonymous_0)
FN:17,(anonymous_1)
FN:21,(anonymous_2)
FN:25,(anonymous_3)
FN:29,(anonymous_4)
FN:33,(anonymous_5)
FN:37,(anonymous_6)
FN:41,(anonymous_7)
FNF:8
FNH:2
FNDA:3,(anonymous_0)
FNDA:1,(anonymous_1)
FNDA:0,(anonymous_2)
FNDA:0,(anonymous_3)
FNDA:0,(anonymous_4)
FNDA:0,(anonymous_5)
FNDA:0,(anonymous_6)
FNDA:0,(anonymous_7)
DA:9,1
DA:11,3
DA:13,3
DA:14,3
DA:18,1
DA:22,0
DA:26,0
DA:30,0
DA:34,0
DA:38,0
DA:42,0
LF:11
LH:5
BRF:0
BRH:0
end_of_record
